<?xml version="1.0" encoding="UTF-8"?>
<!-- Generated by org.testng.reporters.JUnitReportReporter -->
<testsuite hostname="Ravichandra" name="com.reqresprojectTwo.assign.GETSingleUser" tests="1" failures="0" timestamp="27 Mar 2020 05:46:45 GMT" time="7.599" errors="0">
  <testcase name="singleUser" time="7.599" classname="com.reqresprojectTwo.assign.GETSingleUser"/>
</testsuite> <!-- com.reqresprojectTwo.assign.GETSingleUser -->
