<?xml version="1.0" encoding="UTF-8"?>
<!-- Generated by org.testng.reporters.JUnitReportReporter -->
<testsuite hostname="Ravichandra" name="com.reqresprojectOne.assign.CreateNewUserInPage2" tests="1" failures="0" timestamp="27 Mar 2020 03:04:26 GMT" time="9.446" errors="0">
  <testcase name="createUser" time="9.446" classname="com.reqresprojectOne.assign.CreateNewUserInPage2"/>
</testsuite> <!-- com.reqresprojectOne.assign.CreateNewUserInPage2 -->
