<?xml version="1.0" encoding="UTF-8"?>
<!-- Generated by org.testng.reporters.JUnitReportReporter -->
<testsuite hostname="Ravichandra" name="com.reqresprojectTwo.assign.POSTCreateNewUser" tests="1" failures="0" timestamp="27 Mar 2020 05:49:03 GMT" time="8.573" errors="0">
  <testcase name="createUser" time="8.573" classname="com.reqresprojectTwo.assign.POSTCreateNewUser"/>
</testsuite> <!-- com.reqresprojectTwo.assign.POSTCreateNewUser -->
