<?xml version="1.0" encoding="UTF-8"?>
<!-- Generated by org.testng.reporters.JUnitReportReporter -->
<testsuite hostname="Ravichandra" name="com.reqresprojectTwo.assign.GETAllUsers" tests="1" failures="0" timestamp="27 Mar 2020 05:43:43 GMT" time="7.094" errors="0">
  <testcase name="allUsers" time="7.094" classname="com.reqresprojectTwo.assign.GETAllUsers"/>
</testsuite> <!-- com.reqresprojectTwo.assign.GETAllUsers -->
