<?xml version="1.0" encoding="UTF-8"?>
<!-- Generated by org.testng.reporters.JUnitReportReporter -->
<testsuite hostname="Ravichandra" name="com.reqresprojectTwo.assign.PUTCompleteUpdateOfaUserDetails" tests="1" failures="0" timestamp="27 Mar 2020 05:51:21 GMT" time="9.324" errors="0">
  <testcase name="totalUpdateUser" time="9.324" classname="com.reqresprojectTwo.assign.PUTCompleteUpdateOfaUserDetails"/>
</testsuite> <!-- com.reqresprojectTwo.assign.PUTCompleteUpdateOfaUserDetails -->
