<?xml version="1.0" encoding="UTF-8"?>
<!-- Generated by org.testng.reporters.JUnitReportReporter -->
<testsuite hostname="Ravichandra" name="com.reqresprojectOne.assign.PUTCompleteUpdateOfaUserDetailsInPage2" tests="1" failures="0" timestamp="27 Mar 2020 04:32:53 GMT" time="4.800" errors="0">
  <testcase name="totalUpdateUser" time="4.800" classname="com.reqresprojectOne.assign.PUTCompleteUpdateOfaUserDetailsInPage2"/>
</testsuite> <!-- com.reqresprojectOne.assign.PUTCompleteUpdateOfaUserDetailsInPage2 -->
