<?xml version="1.0" encoding="UTF-8"?>
<!-- Generated by org.testng.reporters.JUnitReportReporter -->
<testsuite hostname="Ravichandra" name="com.reqresprojectOne.assign.CreateNewUser" tests="1" failures="0" timestamp="26 Mar 2020 18:33:01 GMT" time="6.391" errors="0">
  <testcase name="createUser" time="6.391" classname="com.reqresprojectOne.assign.CreateNewUser"/>
</testsuite> <!-- com.reqresprojectOne.assign.CreateNewUser -->
