<?xml version="1.0" encoding="UTF-8"?>
<!-- Generated by org.testng.reporters.JUnitReportReporter -->
<testsuite hostname="Ravichandra" name="com.reqresprojectOne.assign.GetSingleUser" tests="1" failures="0" timestamp="26 Mar 2020 14:19:50 GMT" time="3.593" errors="0">
  <testcase name="singleUser" time="3.593" classname="com.reqresprojectOne.assign.GetSingleUser"/>
</testsuite> <!-- com.reqresprojectOne.assign.GetSingleUser -->
