<?xml version="1.0" encoding="UTF-8"?>
<!-- Generated by org.testng.reporters.JUnitReportReporter -->
<testsuite hostname="Ravichandra" name="com.reqresprojectOne.assign.CompleteUpdateOfaUserDetailsInPage2" tests="1" failures="0" timestamp="27 Mar 2020 04:29:53 GMT" time="4.592" errors="0">
  <testcase name="UpdateUser" time="4.592" classname="com.reqresprojectOne.assign.CompleteUpdateOfaUserDetailsInPage2"/>
</testsuite> <!-- com.reqresprojectOne.assign.CompleteUpdateOfaUserDetailsInPage2 -->
