<?xml version="1.0" encoding="UTF-8"?>
<!-- Generated by org.testng.reporters.JUnitReportReporter -->
<testsuite hostname="Ravichandra" name="com.reqresprojectOne.assign.PATCHPartialUpdateOfUserDetailsInPage2" tests="1" failures="0" timestamp="27 Mar 2020 04:54:25 GMT" time="4.161" errors="0">
  <testcase name="partialUpdateUser" time="4.161" classname="com.reqresprojectOne.assign.PATCHPartialUpdateOfUserDetailsInPage2"/>
</testsuite> <!-- com.reqresprojectOne.assign.PATCHPartialUpdateOfUserDetailsInPage2 -->
