<?xml version="1.0" encoding="UTF-8"?>
<!-- Generated by org.testng.reporters.JUnitReportReporter -->
<testsuite hostname="Ravichandra" name="com.reqresprojectTwo.assign.DELETEuser" tests="1" failures="0" timestamp="27 Mar 2020 05:57:25 GMT" time="3.851" errors="0">
  <testcase name="deleteUser" time="3.851" classname="com.reqresprojectTwo.assign.DELETEuser"/>
</testsuite> <!-- com.reqresprojectTwo.assign.DELETEuser -->
