<?xml version="1.0" encoding="UTF-8"?>
<!-- Generated by org.testng.reporters.JUnitReportReporter -->
<testsuite hostname="Ravichandra" name="com.reqresprojectTwo.assign.PATCHPartialUpdateOfUserDetails" tests="1" failures="0" timestamp="27 Mar 2020 05:53:25 GMT" time="8.030" errors="0">
  <testcase name="partialUpdateUser" time="8.030" classname="com.reqresprojectTwo.assign.PATCHPartialUpdateOfUserDetails"/>
</testsuite> <!-- com.reqresprojectTwo.assign.PATCHPartialUpdateOfUserDetails -->
