<?xml version="1.0" encoding="UTF-8"?>
<!-- Generated by org.testng.reporters.JUnitReportReporter -->
<testsuite hostname="Ravichandra" name="com.reqresprojectTwo.assign.GETInvalidUser" tests="1" failures="0" timestamp="27 Mar 2020 05:47:59 GMT" time="7.114" errors="0">
  <testcase name="invalidUser" time="7.114" classname="com.reqresprojectTwo.assign.GETInvalidUser"/>
</testsuite> <!-- com.reqresprojectTwo.assign.GETInvalidUser -->
