<?xml version="1.0" encoding="UTF-8"?>
<!-- Generated by org.testng.reporters.JUnitReportReporter -->
<testsuite hostname="Ravichandra" name="com.reqresprojectOne.assign.GetInvalidUser" tests="1" failures="0" timestamp="26 Mar 2020 15:01:16 GMT" time="5.365" errors="0">
  <testcase name="invalidUser" time="5.365" classname="com.reqresprojectOne.assign.GetInvalidUser"/>
</testsuite> <!-- com.reqresprojectOne.assign.GetInvalidUser -->
