<?xml version="1.0" encoding="UTF-8"?>
<!-- Generated by org.testng.reporters.JUnitReportReporter -->
<testsuite hostname="Ravichandra" name="com.reqresprojectOne.assign.DELETEuserFromPage2" tests="1" failures="0" timestamp="27 Mar 2020 05:12:02 GMT" time="4.325" errors="0">
  <testcase name="deleteUser" time="4.325" classname="com.reqresprojectOne.assign.DELETEuserFromPage2"/>
</testsuite> <!-- com.reqresprojectOne.assign.DELETEuserFromPage2 -->
